<?xml version="1.0" encoding="UTF-8"?>
<!-- Generated by org.testng.reporters.JUnitXMLReporter -->
<testsuite hostname="Lenovo-PC" name="Command line test" tests="1" failures="1" timestamp="26 Aug 2017 12:03:08 GMT" time="0.06" errors="0">
  <testcase name="gitTest" time="0.024" classname="googletest.GoogleTest">
    <failure type="java.lang.Error" message="Unresolved compilation problems: 
	s cannot be resolved to a type
	Duplicate local variable wd
	Syntax error on token &amp;quot;.&amp;quot;, ; expected
	The method quit() is undefined for the type GoogleTest
">
      <![CDATA[java.lang.Error: Unresolved compilation problems: 
	s cannot be resolved to a type
	Duplicate local variable wd
	Syntax error on token ".", ; expected
	The method quit() is undefined for the type GoogleTest

	at googletest.GoogleTest.gitTest(GoogleTest.java:24)
... Removed 33 stack frames]]>
    </failure>
  </testcase> <!-- gitTest -->
</testsuite> <!-- Command line test -->
