<?xml version="1.0" encoding="UTF-8" ?>
<testsuite failures="1" time="0.032" errors="0" skipped="0" tests="1" name="googletest.GoogleTest">
  <properties>
[...]
</properties>
  <testcase time="0.032" classname="googletest.GoogleTest" name="gitTest">
    <failure message="Unresolved compilation problems: 
	s cannot be resolved to a type
	Duplicate local variable wd
	Syntax error on token &quot;.&quot;, ; expected
	The method quit() is undefined for the type GoogleTest
" type="java.lang.Error">java.lang.Error: Unresolved compilation problems: 
	s cannot be resolved to a type
	Duplicate local variable wd
	Syntax error on token &quot;.&quot;, ; expected
	The method quit() is undefined for the type GoogleTest

	at googletest.GoogleTest.gitTest(GoogleTest.java:24)
</failure>
    <system-out>Configuring TestNG with: org.apache.maven.surefire.testng.conf.TestNG652Configurator@1edb587
</system-out>
  </testcase>
</testsuite>