<?xml version="1.0" encoding="UTF-8"?>
<testng-results skipped="0" failed="0" total="1" passed="1">
  <reporter-output>
  </reporter-output>
  <suite name="Default suite" duration-ms="13972" started-at="2017-08-21T04:29:59Z" finished-at="2017-08-21T04:30:13Z">
    <groups>
    </groups>
    <test name="Default test" duration-ms="13972" started-at="2017-08-21T04:29:59Z" finished-at="2017-08-21T04:30:13Z">
      <class name="googletest.GoogleTest">
        <test-method status="PASS" signature="gitTest()[pri:0, instance:googletest.GoogleTest@475099a1]" name="gitTest" duration-ms="13944" started-at="2017-08-21T09:59:59Z" finished-at="2017-08-21T10:00:13Z">
          <reporter-output>
          </reporter-output>
        </test-method> <!-- gitTest -->
      </class> <!-- googletest.GoogleTest -->
    </test> <!-- Default test -->
  </suite> <!-- Default suite -->
</testng-results>
